<?xml version="1.0" encoding="UTF-8"?>
<!-- Generated by org.testng.reporters.JUnitReportReporter -->
<testsuite hostname="CSE1605378" failures="0" tests="2" name="com.selenium.qa.testcases.JavaScriptAlertsTest" time="17.982" errors="0" timestamp="2020-11-10T18:06:12 IST" skipped="0">
  <testcase classname="com.selenium.qa.testcases.JavaScriptAlertsTest" name="clickonfirstbutton" time="8.996"/>
  <system-out/>
  <testcase classname="com.selenium.qa.testcases.JavaScriptAlertsTest" name="clickonsecondbutton" time="8.986"/>
  <system-out/>
</testsuite> <!-- com.selenium.qa.testcases.JavaScriptAlertsTest -->
