<?xml version="1.0" encoding="UTF-8"?>
<!-- Generated by org.testng.reporters.JUnitReportReporter -->
<testsuite hostname="CSE1605378" failures="0" tests="1" name="com.selenium.qa.testcases.JqueryListDropdownTest" time="9.846" errors="0" timestamp="2020-11-10T18:06:12 IST" skipped="0">
  <testcase classname="com.selenium.qa.testcases.JqueryListDropdownTest" name="validatevaluessenetered" time="9.846"/>
  <system-out/>
</testsuite> <!-- com.selenium.qa.testcases.JqueryListDropdownTest -->
