<?xml version="1.0" encoding="UTF-8"?>
<!-- Generated by org.testng.reporters.JUnitReportReporter -->
<testsuite hostname="CSE1605378" failures="0" tests="2" name="com.selenium.qa.testcases.SimpleFormDemoTest" time="19.433" errors="0" timestamp="2020-11-10T18:06:12 IST" skipped="0">
  <testcase classname="com.selenium.qa.testcases.SimpleFormDemoTest" name="validatemessage" time="9.655"/>
  <system-out/>
  <testcase classname="com.selenium.qa.testcases.SimpleFormDemoTest" name="validateTotal" time="9.778"/>
  <system-out/>
</testsuite> <!-- com.selenium.qa.testcases.SimpleFormDemoTest -->
