<?xml version="1.0" encoding="UTF-8"?>
<!-- Generated by org.testng.reporters.JUnitReportReporter -->
<testsuite hostname="CSE1605378" failures="0" tests="5" name="com.selenium.qa.testcases.InputFormValidationsTest" time="55.124" errors="0" timestamp="2020-11-10T18:06:12 IST" skipped="0">
  <testcase classname="com.selenium.qa.testcases.InputFormValidationsTest" name="validatecreatyenewcontact" time="10.673"/>
  <system-out/>
  <testcase classname="com.selenium.qa.testcases.InputFormValidationsTest" name="validatecreatyenewcontact" time="11.388"/>
  <system-out/>
  <testcase classname="com.selenium.qa.testcases.InputFormValidationsTest" name="validatecreatyenewcontact" time="10.943"/>
  <system-out/>
  <testcase classname="com.selenium.qa.testcases.InputFormValidationsTest" name="validatecreatyenewcontact" time="11.197"/>
  <system-out/>
  <testcase classname="com.selenium.qa.testcases.InputFormValidationsTest" name="validatecreatyenewcontact" time="10.923"/>
  <system-out/>
</testsuite> <!-- com.selenium.qa.testcases.InputFormValidationsTest -->
