<?xml version="1.0" encoding="UTF-8"?>
<!-- Generated by org.testng.reporters.JUnitReportReporter -->
<testsuite hostname="CSE1605378" failures="0" tests="6" name="com.selenium.qa.testcases.HomePageTest" time="56.114" errors="0" timestamp="2020-11-10T18:06:12 IST" skipped="0">
  <testcase classname="com.selenium.qa.testcases.HomePageTest" name="clickonsimpleformdemo" time="8.963"/>
  <system-out/>
  <testcase classname="com.selenium.qa.testcases.HomePageTest" name="clickOnCheckboxdemolink" time="9.481"/>
  <system-out/>
  <testcase classname="com.selenium.qa.testcases.HomePageTest" name="clickonjavascriptalertlink" time="9.090"/>
  <system-out/>
  <testcase classname="com.selenium.qa.testcases.HomePageTest" name="clickonwindowpopupmodellink" time="8.974"/>
  <system-out/>
  <testcase classname="com.selenium.qa.testcases.HomePageTest" name="clickoninputformwithvalidationslink" time="9.360"/>
  <system-out/>
  <testcase classname="com.selenium.qa.testcases.HomePageTest" name="clickondrag_and_drop_linklink" time="10.246"/>
  <system-out/>
</testsuite> <!-- com.selenium.qa.testcases.HomePageTest -->
