<?xml version="1.0" encoding="UTF-8"?>
<!-- Generated by org.testng.reporters.JUnitReportReporter -->
<testsuite hostname="CSE1605378" failures="0" tests="3" name="com.selenium.qa.testcases.WindowPopupModelTest" time="56.989" errors="0" timestamp="2020-11-10T18:06:12 IST" skipped="0">
  <testcase classname="com.selenium.qa.testcases.WindowPopupModelTest" name="handlemultiplewindows1" time="14.680"/>
  <system-out/>
  <testcase classname="com.selenium.qa.testcases.WindowPopupModelTest" name="handlemultiplewindows2" time="20.247"/>
  <system-out/>
  <testcase classname="com.selenium.qa.testcases.WindowPopupModelTest" name="hanlesmultiplewindows3" time="22.062"/>
  <system-out/>
</testsuite> <!-- com.selenium.qa.testcases.WindowPopupModelTest -->
